# JRE version: OpenJDK Runtime Environment Corretto-17.0.12.7.1 (17.0.12+7) (build 17.0.12+7-LTS)
# Java VM: OpenJDK 64-Bit Server VM Corretto-17.0.12.7.1 (17.0.12+7-LTS, mixed mode, sharing, tiered, compressed oops, compressed class ptrs, g1 gc, windows-amd64)
GC Precious Log:
 CPUs: 20 total, 20 available
 Memory: 32456M
 Large Page Support: Disabled
 NUMA Support: Disabled
 Compressed Oops: Enabled (Zero based)
 Heap Region Size: 4M
 Heap Min Capacity: 8M
 Heap Initial Capacity: 508M
 Heap Max Capacity: 8116M
 Pre-touch: Disabled
 Parallel Workers: 15
 Concurrent Workers: 4
 Concurrent Refinement Workers: 15
 Periodic GC: Disabled
Heap:
 garbage-first heap   total 225280K, used 95560K [0x0000000604c00000, 0x0000000800000000)
  region size 4096K, 4 young (16384K), 1 survivors (4096K)
 Metaspace       used 39186K, committed 40960K, reserved 1114112K
  class space    used 4253K, committed 4736K, reserved 1048576K
GC Heap History (20 events):
Event: 18.588 GC heap before
{Heap before GC invocations=25 (full 0):
 garbage-first heap   total 180224K, used 93227K [0x0000000604c00000, 0x0000000800000000)
  region size 4096K, 3 young (12288K), 2 survivors (8192K)
 Metaspace       used 36042K, committed 36480K, reserved 1114112K
  class space    used 3911K, committed 4160K, reserved 1048576K
}
Event: 18.602 GC heap after
{Heap after GC invocations=26 (full 0):
 garbage-first heap   total 217088K, used 76975K [0x0000000604c00000, 0x0000000800000000)
  region size 4096K, 1 young (4096K), 1 survivors (4096K)
 Metaspace       used 36042K, committed 36480K, reserved 1114112K
  class space    used 3911K, committed 4160K, reserved 1048576K
}
Event: 18.653 GC heap before
{Heap before GC invocations=26 (full 0):
 garbage-first heap   total 217088K, used 81071K [0x0000000604c00000, 0x0000000800000000)
  region size 4096K, 2 young (8192K), 1 survivors (4096K)
 Metaspace       used 36098K, committed 36544K, reserved 1114112K
  class space    used 3912K, committed 4160K, reserved 1048576K
}
Event: 18.664 GC heap after
{Heap after GC invocations=27 (full 0):
 garbage-first heap   total 217088K, used 73118K [0x0000000604c00000, 0x0000000800000000)
  region size 4096K, 1 young (4096K), 1 survivors (4096K)
 Metaspace       used 36098K, committed 36544K, reserved 1114112K
  class space    used 3912K, committed 4160K, reserved 1048576K
}
Event: 19.318 GC heap before
{Heap before GC invocations=27 (full 0):
 garbage-first heap   total 217088K, used 163230K [0x0000000604c00000, 0x0000000800000000)
  region size 4096K, 23 young (94208K), 1 survivors (4096K)
 Metaspace       used 36117K, committed 36544K, reserved 1114112K
  class space    used 3912K, committed 4160K, reserved 1048576K
}
Event: 19.322 GC heap after
{Heap after GC invocations=28 (full 0):
 garbage-first heap   total 217088K, used 74394K [0x0000000604c00000, 0x0000000800000000)
  region size 4096K, 1 young (4096K), 1 survivors (4096K)
 Metaspace       used 36117K, committed 36544K, reserved 1114112K
  class space    used 3912K, committed 4160K, reserved 1048576K
}
Event: 19.902 GC heap before
{Heap before GC invocations=28 (full 0):
 garbage-first heap   total 217088K, used 164506K [0x0000000604c00000, 0x0000000800000000)
  region size 4096K, 23 young (94208K), 1 survivors (4096K)
 Metaspace       used 36211K, committed 36672K, reserved 1114112K
  class space    used 3921K, committed 4160K, reserved 1048576K
}
Event: 19.907 GC heap after
{Heap after GC invocations=29 (full 0):
 garbage-first heap   total 217088K, used 75151K [0x0000000604c00000, 0x0000000800000000)
  region size 4096K, 2 young (8192K), 2 survivors (8192K)
 Metaspace       used 36211K, committed 36672K, reserved 1114112K
  class space    used 3921K, committed 4160K, reserved 1048576K
}
Event: 21.575 GC heap before
{Heap before GC invocations=29 (full 0):
 garbage-first heap   total 217088K, used 165263K [0x0000000604c00000, 0x0000000800000000)
  region size 4096K, 24 young (98304K), 2 survivors (8192K)
 Metaspace       used 37693K, committed 38208K, reserved 1114112K
  class space    used 4028K, committed 4288K, reserved 1048576K
}
Event: 21.584 GC heap after
{Heap after GC invocations=30 (full 0):
 garbage-first heap   total 217088K, used 78914K [0x0000000604c00000, 0x0000000800000000)
  region size 4096K, 2 young (8192K), 2 survivors (8192K)
 Metaspace       used 37693K, committed 38208K, reserved 1114112K
  class space    used 4028K, committed 4288K, reserved 1048576K
}
Event: 23.074 GC heap before
{Heap before GC invocations=30 (full 0):
 garbage-first heap   total 217088K, used 173122K [0x0000000604c00000, 0x0000000800000000)
  region size 4096K, 25 young (102400K), 2 survivors (8192K)
 Metaspace       used 41308K, committed 41792K, reserved 1114112K
  class space    used 4491K, committed 4736K, reserved 1048576K
}
Event: 23.082 GC heap after
{Heap after GC invocations=31 (full 0):
 garbage-first heap   total 217088K, used 82982K [0x0000000604c00000, 0x0000000800000000)
  region size 4096K, 3 young (12288K), 3 survivors (12288K)
 Metaspace       used 41308K, committed 41792K, reserved 1114112K
  class space    used 4491K, committed 4736K, reserved 1048576K
}
Event: 23.351 GC heap before
{Heap before GC invocations=31 (full 0):
 garbage-first heap   total 217088K, used 115750K [0x0000000604c00000, 0x0000000800000000)
  region size 4096K, 8 young (32768K), 3 survivors (12288K)
 Metaspace       used 41403K, committed 41984K, reserved 1114112K
  class space    used 4502K, committed 4800K, reserved 1048576K
}
Event: 23.360 GC heap after
{Heap after GC invocations=32 (full 0):
 garbage-first heap   total 217088K, used 103490K [0x0000000604c00000, 0x0000000800000000)
  region size 4096K, 2 young (8192K), 2 survivors (8192K)
 Metaspace       used 41403K, committed 41984K, reserved 1114112K
  class space    used 4502K, committed 4800K, reserved 1048576K
}
Event: 24.747 GC heap before
{Heap before GC invocations=33 (full 0):
 garbage-first heap   total 217088K, used 185410K [0x0000000604c00000, 0x0000000800000000)
  region size 4096K, 20 young (81920K), 2 survivors (8192K)
 Metaspace       used 39180K, committed 40960K, reserved 1114112K
  class space    used 4253K, committed 4736K, reserved 1048576K
}
Event: 24.759 GC heap after
{Heap after GC invocations=34 (full 0):
 garbage-first heap   total 225280K, used 107736K [0x0000000604c00000, 0x0000000800000000)
  region size 4096K, 3 young (12288K), 3 survivors (12288K)
 Metaspace       used 39180K, committed 40960K, reserved 1114112K
  class space    used 4253K, committed 4736K, reserved 1048576K
}
Event: 24.811 GC heap before
{Heap before GC invocations=34 (full 0):
 garbage-first heap   total 225280K, used 111832K [0x0000000604c00000, 0x0000000800000000)
  region size 4096K, 4 young (16384K), 3 survivors (12288K)
 Metaspace       used 39180K, committed 40960K, reserved 1114112K
  class space    used 4253K, committed 4736K, reserved 1048576K
}
Event: 24.822 GC heap after
{Heap after GC invocations=35 (full 0):
 garbage-first heap   total 225280K, used 92143K [0x0000000604c00000, 0x0000000800000000)
  region size 4096K, 1 young (4096K), 1 survivors (4096K)
 Metaspace       used 39180K, committed 40960K, reserved 1114112K
  class space    used 4253K, committed 4736K, reserved 1048576K
}
Event: 24.868 GC heap before
{Heap before GC invocations=35 (full 0):
 garbage-first heap   total 225280K, used 96239K [0x0000000604c00000, 0x0000000800000000)
  region size 4096K, 2 young (8192K), 1 survivors (4096K)
 Metaspace       used 39180K, committed 40960K, reserved 1114112K
  class space    used 4253K, committed 4736K, reserved 1048576K
}
Event: 24.880 GC heap after
{Heap after GC invocations=36 (full 0):
 garbage-first heap   total 225280K, used 87368K [0x0000000604c00000, 0x0000000800000000)
  region size 4096K, 1 young (4096K), 1 survivors (4096K)
 Metaspace       used 39180K, committed 40960K, reserved 1114112K
  class space    used 4253K, committed 4736K, reserved 1048576K
}

